09/06/2011 02:54:58 - Test[2000001]: @joblvlup 99
09/06/2011 03:15:14 - Test2[2000002]: @joblvlup 99
10/10/2011 05:04:01 - Test[2000001]: @send
10/10/2011 05:04:12 - Test[2000001]: @send help
10/10/2011 05:04:39 - Test[2000001]: @send 2c5 S20"test" L1
10/10/2011 05:04:43 - Test[2000001]: @send 2c5 S20"test" L0
10/10/2011 05:04:46 - Test[2000001]: @send 2c5 S20"test" L2
10/10/2011 05:04:54 - Test[2000001]: @send 2c5 S20"test" L3
10/10/2011 05:04:59 - Test[2000001]: @send 2c5 S20"test" L4
10/10/2011 05:05:01 - Test[2000001]: @send 2c5 S20"test" L5
10/10/2011 05:05:08 - Test[2000001]: @send 2c5 S24"test" L0
10/10/2011 05:05:10 - Test[2000001]: @send 2c5 S24"test" L1
10/10/2011 05:05:12 - Test[2000001]: @send 2c5 S24"test" L2
10/10/2011 05:05:16 - Test[2000001]: @send 2c5 S24"test" L3
10/10/2011 05:05:18 - Test[2000001]: @send 2c5 S24"test" L4
10/10/2011 05:05:20 - Test[2000001]: @send 2c5 S24"test" L5
10/10/2011 05:05:23 - Test[2000001]: @send 2c5 S24"test" L6
10/10/2011 05:05:26 - Test[2000001]: @send 2c5 S24"test" L7
10/10/2011 05:05:31 - Test[2000001]: @send 2c5 S24"test" L8
10/10/2011 05:05:32 - Test[2000001]: @send 2c5 S24"test" L9
10/10/2011 05:05:36 - Test[2000001]: @send 2c5 S24"test" L10
10/10/2011 05:05:41 - Test[2000001]: @send 2c5 S24"test" L11
