09/06/2011 02:38:32 - 150000	N	2352,1,new_1-2
09/06/2011 02:39:18 - 150000	N	569,1,new_1-2
09/06/2011 02:39:20 - 150000	N	2510,1,new_1-2
09/06/2011 02:39:20 - 150000	N	2414,1,new_1-2
09/06/2011 02:39:20 - 150000	N	5055,1,new_1-2
09/06/2011 02:39:23 - 150000	N	601,10,new_1-2
09/06/2011 02:39:23 - 150000	N	602,2,new_1-2
09/06/2011 02:39:23 - 150000	N	569,50,new_1-2
09/06/2011 02:40:37 - 150000	N	602,1,new_1-2
09/06/2011 02:40:37 - 150000	N	601,9,new_1-2
09/06/2011 02:40:37 - 150000	N	1243,1,new_1-2
09/06/2011 02:40:37 - 150000	N	2112,1,new_1-2
09/06/2011 02:40:37 - 150000	N	611,2,new_1-2
09/06/2011 02:40:37 - 150000	N	569,300,new_1-2
09/06/2011 02:41:30 - 1063	M	512,-1,new_1-3
09/06/2011 02:41:31 - 150000	P	512,1,0,0,0,0,0,new_1-3
09/06/2011 02:41:40 - 1063	M	705,-1,new_1-3
09/06/2011 02:41:41 - 1113	L	705,1,0,0,0,0,0,new_1-3
09/06/2011 02:41:50 - 1113	M	909,-1,new_1-3
09/06/2011 02:41:50 - 1113	M	713,-1,new_1-3
09/06/2011 02:41:50 - 1113	L	705,-1,0,0,0,0,0,new_1-3
09/06/2011 02:41:51 - 150000	P	713,1,0,0,0,0,0,new_1-3
09/06/2011 02:41:52 - 150000	P	909,1,0,0,0,0,0,new_1-3
09/06/2011 02:41:53 - 1002	L	705,1,0,0,0,0,0,new_1-3
09/06/2011 02:41:55 - 1002	M	713,-1,new_1-3
09/06/2011 02:41:55 - 1002	L	705,-1,0,0,0,0,0,new_1-3
09/06/2011 02:41:56 - 150000	P	705,1,0,0,0,0,0,new_1-3
09/06/2011 02:41:57 - 150000	P	713,1,0,0,0,0,0,new_1-3
09/06/2011 02:42:08 - 1063	M	705,-1,new_1-3
09/06/2011 02:42:10 - 150000	P	705,1,0,0,0,0,0,new_1-3
09/06/2011 02:42:16 - 1002	M	909,-1,new_1-3
09/06/2011 02:42:17 - 150000	P	909,1,0,0,0,0,0,new_1-3
09/06/2011 02:42:25 - 1113	M	909,-1,new_1-3
09/06/2011 02:42:35 - 150000	N	569,50,new_1-2
09/06/2011 02:43:02 - 1010	M	902,-1,new_3-3
09/06/2011 02:43:02 - 1010	M	1068,-1,new_3-3
09/06/2011 02:43:03 - 150000	P	1068,1,0,0,0,0,0,new_3-3
09/06/2011 02:43:04 - 150000	P	902,1,0,0,0,0,0,new_3-3
09/06/2011 02:43:16 - 1050	M	916,-1,new_3-3
09/06/2011 02:43:18 - 150000	P	916,1,0,0,0,0,0,new_3-3
09/06/2011 02:43:29 - 150000	C	569,-1,0,0,0,0,0,new_3-3
09/06/2011 02:43:33 - 1009	M	917,-1,new_3-3
09/06/2011 02:43:33 - 1009	M	916,-1,new_3-3
09/06/2011 02:43:34 - 150000	C	569,-1,0,0,0,0,0,new_3-3
09/06/2011 02:43:39 - 150000	C	569,-1,0,0,0,0,0,new_3-3
09/06/2011 02:43:41 - 150000	C	569,-1,0,0,0,0,0,new_3-3
09/06/2011 02:43:44 - 150000	C	569,-1,0,0,0,0,0,new_3-3
09/06/2011 02:43:50 - 1009	M	917,-1,new_3-3
09/06/2011 02:43:51 - 150000	P	917,1,0,0,0,0,0,new_3-3
09/06/2011 02:43:52 - 150000	P	916,1,0,0,0,0,0,new_3-3
09/06/2011 02:44:11 - 150000	C	569,-1,0,0,0,0,0,new_3-3
09/06/2011 02:44:16 - 150000	C	569,-1,0,0,0,0,0,new_3-3
09/06/2011 02:44:16 - 1010	M	902,-1,new_3-3
09/06/2011 02:44:26 - 1010	M	902,-1,new_3-3
09/06/2011 02:44:27 - 150000	P	902,1,0,0,0,0,0,new_3-3
09/06/2011 02:44:28 - 150000	P	902,1,0,0,0,0,0,new_3-3
09/06/2011 02:44:51 - 1012	M	918,-1,new_3-3
09/06/2011 02:44:52 - 150000	P	918,1,0,0,0,0,0,new_3-3
09/06/2011 02:45:05 - 150000	C	569,-1,0,0,0,0,0,new_3-3
09/06/2011 02:45:06 - 1012	M	918,-1,new_3-3
09/06/2011 02:45:06 - 1012	M	713,-1,new_3-3
09/06/2011 02:45:07 - 150000	P	713,1,0,0,0,0,0,new_3-3
09/06/2011 02:45:08 - 150000	P	918,1,0,0,0,0,0,new_3-3
09/06/2011 02:45:09 - 150000	C	569,-1,0,0,0,0,0,new_3-3
09/06/2011 02:45:20 - 150000	C	569,-1,0,0,0,0,0,new_3-3
09/06/2011 02:45:21 - 1012	M	918,-1,new_3-3
09/06/2011 02:45:22 - 150000	P	918,1,0,0,0,0,0,new_3-3
09/06/2011 02:45:33 - 1009	M	917,-1,new_3-3
09/06/2011 02:45:33 - 1009	M	1750,-1,new_3-3
09/06/2011 02:45:33 - 1009	M	916,-1,new_3-3
09/06/2011 02:45:34 - 150000	P	1750,1,0,0,0,0,0,new_3-3
09/06/2011 02:45:35 - 150000	P	917,1,0,0,0,0,0,new_3-3
09/06/2011 02:45:35 - 150000	P	916,1,0,0,0,0,0,new_3-3
09/06/2011 02:45:53 - 1010	M	902,-1,new_3-3
09/06/2011 02:45:55 - 150000	P	902,1,0,0,0,0,0,new_3-3
09/06/2011 02:46:27 - 1002	M	713,-1,new_1-3
09/06/2011 02:46:27 - 150000	P	713,1,0,0,0,0,0,new_1-3
09/06/2011 02:46:34 - 1063	M	705,-1,new_1-3
09/06/2011 02:46:34 - 1063	M	515,-1,new_1-3
09/06/2011 02:46:35 - 150000	P	515,1,0,0,0,0,0,new_1-3
09/06/2011 02:46:36 - 150000	P	705,1,0,0,0,0,0,new_1-3
09/06/2011 02:46:41 - 1011	M	935,-1,new_1-3
09/06/2011 02:46:43 - 150000	P	935,1,0,0,0,0,0,new_1-3
09/06/2011 02:46:48 - 150000	C	569,-1,0,0,0,0,0,new_1-3
09/06/2011 02:46:48 - 1184	M	914,-1,new_1-3
09/06/2011 02:46:50 - 150000	P	914,1,0,0,0,0,0,new_1-3
09/06/2011 02:47:05 - 1184	M	914,-1,new_1-3
09/06/2011 02:47:08 - 150000	P	914,1,0,0,0,0,0,new_1-3
09/06/2011 02:47:18 - 1011	M	935,-1,new_1-3
09/06/2011 02:47:18 - 1011	M	909,-1,new_1-3
09/06/2011 02:47:21 - 1002	L	935,1,0,0,0,0,0,new_1-3
09/06/2011 02:47:21 - 1002	L	909,1,0,0,0,0,0,new_1-3
09/06/2011 02:47:23 - 1011	M	935,-1,new_1-3
09/06/2011 02:47:26 - 150000	P	935,1,0,0,0,0,0,new_1-3
09/06/2011 02:47:32 - 1002	M	909,-1,new_1-3
09/06/2011 02:47:32 - 1002	M	512,-1,new_1-3
09/06/2011 02:47:32 - 1002	M	713,-1,new_1-3
09/06/2011 02:47:32 - 1002	L	935,-1,0,0,0,0,0,new_1-3
09/06/2011 02:47:32 - 1002	L	909,-1,0,0,0,0,0,new_1-3
09/06/2011 02:47:33 - 150000	P	512,1,0,0,0,0,0,new_1-3
09/06/2011 02:47:33 - 150000	P	935,1,0,0,0,0,0,new_1-3
09/06/2011 02:47:34 - 150000	P	713,1,0,0,0,0,0,new_1-3
09/06/2011 02:47:34 - 1113	L	909,1,0,0,0,0,0,new_1-3
09/06/2011 02:47:35 - 150000	P	909,1,0,0,0,0,0,new_1-3
09/06/2011 02:47:37 - 1113	M	909,-1,new_1-3
09/06/2011 02:47:37 - 1113	L	909,-1,0,0,0,0,0,new_1-3
09/06/2011 02:47:38 - 150000	P	909,1,0,0,0,0,0,new_1-3
09/06/2011 02:47:39 - 150000	P	909,1,0,0,0,0,0,new_1-3
09/06/2011 02:47:44 - 1063	M	705,-1,new_1-3
09/06/2011 02:47:44 - 1063	M	512,-1,new_1-3
09/06/2011 02:47:44 - 1063	M	507,-1,new_1-3
09/06/2011 02:47:46 - 150000	P	512,1,0,0,0,0,0,new_1-3
09/06/2011 02:47:47 - 1113	L	705,1,0,0,0,0,0,new_1-3
09/06/2011 02:47:48 - 1113	L	507,1,0,0,0,0,0,new_1-3
09/06/2011 02:47:51 - 1113	M	909,-1,new_1-3
09/06/2011 02:47:51 - 1113	L	705,-1,0,0,0,0,0,new_1-3
09/06/2011 02:47:51 - 1113	L	507,-1,0,0,0,0,0,new_1-3
09/06/2011 02:47:52 - 150000	P	507,1,0,0,0,0,0,new_1-3
09/06/2011 02:47:52 - 1113	L	909,1,0,0,0,0,0,new_1-3
09/06/2011 02:47:52 - 1113	L	705,1,0,0,0,0,0,new_1-3
09/06/2011 02:47:55 - 1113	M	909,-1,new_1-3
09/06/2011 02:47:55 - 1113	L	909,-1,0,0,0,0,0,new_1-3
09/06/2011 02:47:55 - 1113	L	705,-1,0,0,0,0,0,new_1-3
09/06/2011 02:47:55 - 1002	L	909,1,0,0,0,0,0,new_1-3
09/06/2011 02:47:56 - 1002	L	909,1,0,0,0,0,0,new_1-3
09/06/2011 02:47:56 - 1002	L	705,1,0,0,0,0,0,new_1-3
09/06/2011 02:47:58 - 1002	M	909,-1,new_1-3
09/06/2011 02:47:58 - 1002	L	909,-1,0,0,0,0,0,new_1-3
09/06/2011 02:47:58 - 1002	L	909,1,0,0,0,0,0,new_1-3
09/06/2011 02:47:58 - 1002	L	909,1,0,0,0,0,0,new_1-3
09/06/2011 02:48:01 - 1002	M	909,-1,new_1-3
09/06/2011 02:48:01 - 1002	L	909,-1,0,0,0,0,0,new_1-3
09/06/2011 02:48:01 - 1002	L	705,-1,0,0,0,0,0,new_1-3
09/06/2011 02:48:01 - 1002	L	909,-1,0,0,0,0,0,new_1-3
09/06/2011 02:48:01 - 1002	L	909,-1,0,0,0,0,0,new_1-3
09/06/2011 02:48:02 - 1113	L	705,1,0,0,0,0,0,new_1-3
09/06/2011 02:48:02 - 1113	L	909,1,0,0,0,0,0,new_1-3
09/06/2011 02:48:03 - 1113	L	909,1,0,0,0,0,0,new_1-3
09/06/2011 02:48:03 - 1113	L	909,1,0,0,0,0,0,new_1-3
09/06/2011 02:48:04 - 1113	L	909,1,0,0,0,0,0,new_1-3
09/06/2011 02:48:11 - 1113	M	909,-1,new_1-3
09/06/2011 02:48:11 - 1113	M	938,-1,new_1-3
09/06/2011 02:48:11 - 1113	L	705,-1,0,0,0,0,0,new_1-3
09/06/2011 02:48:11 - 1113	L	909,-1,0,0,0,0,0,new_1-3
09/06/2011 02:48:11 - 1113	L	909,-1,0,0,0,0,0,new_1-3
09/06/2011 02:48:11 - 1113	L	909,-1,0,0,0,0,0,new_1-3
09/06/2011 02:48:11 - 1113	L	909,-1,0,0,0,0,0,new_1-3
09/06/2011 02:48:11 - 150000	P	909,1,0,0,0,0,0,new_1-3
09/06/2011 02:48:12 - 150000	P	909,1,0,0,0,0,0,new_1-3
09/06/2011 02:48:12 - 150000	P	909,1,0,0,0,0,0,new_1-3
09/06/2011 02:48:13 - 150000	P	705,1,0,0,0,0,0,new_1-3
09/06/2011 02:48:13 - 150000	P	938,1,0,0,0,0,0,new_1-3
09/06/2011 02:48:14 - 150000	P	909,1,0,0,0,0,0,new_1-3
09/06/2011 02:48:15 - 150000	P	909,1,0,0,0,0,0,new_1-3
09/06/2011 02:48:19 - 1113	M	909,-1,new_1-3
09/06/2011 02:48:20 - 150000	P	909,1,0,0,0,0,0,new_1-3
09/06/2011 02:48:23 - 1002	M	909,-1,new_1-3
09/06/2011 02:48:25 - 150000	P	909,1,0,0,0,0,0,new_1-3
09/06/2011 02:48:29 - 1011	M	935,-1,new_1-3
09/06/2011 02:48:29 - 1011	M	909,-1,new_1-3
09/06/2011 02:48:30 - 150000	C	569,-1,0,0,0,0,0,new_1-3
09/06/2011 02:48:31 - 150000	P	909,1,0,0,0,0,0,new_1-3
09/06/2011 02:48:31 - 1002	L	935,1,0,0,0,0,0,new_1-3
09/06/2011 02:48:40 - 1002	M	909,-1,new_1-3
09/06/2011 02:48:40 - 1002	L	935,-1,0,0,0,0,0,new_1-3
09/06/2011 02:48:41 - 150000	P	909,1,0,0,0,0,0,new_1-3
09/06/2011 02:48:42 - 150000	P	935,1,0,0,0,0,0,new_1-3
09/06/2011 02:48:49 - 150000	C	569,-1,0,0,0,0,0,new_1-3
09/06/2011 02:48:49 - 1113	M	909,-1,new_1-3
09/06/2011 02:48:49 - 1113	M	512,-1,new_1-3
09/06/2011 02:48:51 - 150000	P	512,1,0,0,0,0,0,new_1-3
09/06/2011 02:48:51 - 150000	P	909,1,0,0,0,0,0,new_1-3
09/06/2011 02:49:06 - 150000	C	569,-1,0,0,0,0,0,new_1-3
09/06/2011 02:49:07 - 1011	M	935,-1,new_1-3
09/06/2011 02:49:08 - 150000	P	935,1,0,0,0,0,0,new_1-3
09/06/2011 02:49:17 - 1011	M	935,-1,new_1-3
09/06/2011 02:49:21 - 150000	P	935,1,0,0,0,0,0,new_1-3
09/06/2011 02:49:30 - 1011	M	935,-1,new_1-3
09/06/2011 02:49:31 - 150000	P	935,1,0,0,0,0,0,new_1-3
09/06/2011 02:49:37 - 1184	M	1502,-1,new_1-3
09/06/2011 02:49:37 - 1184	M	511,-1,new_1-3
09/06/2011 02:49:38 - 150000	P	1502,1,0,0,0,0,0,new_1-3
09/06/2011 02:49:38 - 1113	L	511,1,0,0,0,0,0,new_1-3
09/06/2011 02:49:41 - 1113	L	511,-1,0,0,0,0,0,new_1-3
09/06/2011 02:49:41 - 1002	L	511,1,0,0,0,0,0,new_1-3
09/06/2011 02:49:41 - 150000	C	569,-1,0,0,0,0,0,new_1-3
09/06/2011 02:49:45 - 1002	M	909,-1,new_1-3
09/06/2011 02:49:45 - 1002	L	909,1,0,0,0,0,0,new_1-3
09/06/2011 02:49:49 - 150000	C	569,-1,0,0,0,0,0,new_1-3
09/06/2011 02:49:50 - 1002	M	909,-1,new_1-3
09/06/2011 02:49:50 - 1002	M	512,-1,new_1-3
09/06/2011 02:49:50 - 1002	L	511,-1,0,0,0,0,0,new_1-3
09/06/2011 02:49:50 - 1002	L	909,-1,0,0,0,0,0,new_1-3
09/06/2011 02:49:52 - 1002	M	909,-1,new_1-3
09/06/2011 02:49:53 - 150000	P	909,1,0,0,0,0,0,new_1-3
09/06/2011 02:49:53 - 150000	P	511,1,0,0,0,0,0,new_1-3
09/06/2011 02:49:54 - 150000	P	512,1,0,0,0,0,0,new_1-3
09/06/2011 02:49:54 - 150000	P	909,1,0,0,0,0,0,new_1-3
09/06/2011 02:49:55 - 150000	P	909,1,0,0,0,0,0,new_1-3
09/06/2011 02:50:02 - 150000	C	569,-1,0,0,0,0,0,new_1-3
09/06/2011 02:50:03 - 1063	M	512,-1,new_1-3
09/06/2011 02:50:04 - 150000	P	512,1,0,0,0,0,0,new_1-3
09/06/2011 02:50:29 - 150000	C	569,-1,0,0,0,0,0,new_1-3
09/06/2011 02:50:30 - 1113	M	909,-1,new_1-3
09/06/2011 02:50:31 - 150000	P	909,1,0,0,0,0,0,new_1-3
09/06/2011 02:50:38 - 1002	M	909,-1,new_1-3
09/06/2011 02:50:38 - 1002	M	713,-1,new_1-3
09/06/2011 02:50:39 - 150000	P	909,1,0,0,0,0,0,new_1-3
09/06/2011 02:50:39 - 150000	P	713,1,0,0,0,0,0,new_1-3
09/06/2011 02:50:45 - 1011	M	935,-1,new_1-3
09/06/2011 02:50:46 - 150000	C	569,-1,0,0,0,0,0,new_1-3
09/06/2011 02:50:47 - 150000	P	935,1,0,0,0,0,0,new_1-3
09/06/2011 02:50:55 - 1011	M	909,-1,new_1-3
09/06/2011 02:50:56 - 1002	L	909,1,0,0,0,0,0,new_1-3
09/06/2011 02:50:59 - 1002	M	909,-1,new_1-3
09/06/2011 02:50:59 - 1002	L	909,-1,0,0,0,0,0,new_1-3
09/06/2011 02:51:01 - 150000	P	909,1,0,0,0,0,0,new_1-3
09/06/2011 02:51:02 - 150000	P	909,1,0,0,0,0,0,new_1-3
09/06/2011 02:51:07 - 1063	M	705,-1,new_1-3
09/06/2011 02:51:07 - 1063	M	512,-1,new_1-3
09/06/2011 02:51:08 - 150000	P	705,1,0,0,0,0,0,new_1-3
09/06/2011 02:51:08 - 150000	P	512,1,0,0,0,0,0,new_1-3
09/06/2011 02:51:15 - 1011	M	935,-1,new_1-3
09/06/2011 02:51:15 - 1011	M	909,-1,new_1-3
09/06/2011 02:51:16 - 150000	P	935,1,0,0,0,0,0,new_1-3
09/06/2011 02:51:16 - 150000	P	909,1,0,0,0,0,0,new_1-3
09/06/2011 02:51:23 - 1113	M	909,-1,new_1-3
09/06/2011 02:51:24 - 150000	P	909,1,0,0,0,0,0,new_1-3
09/06/2011 02:51:35 - 1011	M	935,-1,new_1-3
09/06/2011 02:51:36 - 150000	P	935,1,0,0,0,0,0,new_1-3
09/06/2011 02:51:40 - 1002	M	909,-1,new_1-3
09/06/2011 02:51:40 - 1002	M	713,-1,new_1-3
09/06/2011 02:51:42 - 150000	P	713,1,0,0,0,0,0,new_1-3
09/06/2011 02:51:43 - 150000	P	909,1,0,0,0,0,0,new_1-3
09/06/2011 02:51:54 - 1011	M	935,-1,new_1-3
09/06/2011 02:51:55 - 150000	C	569,-1,0,0,0,0,0,new_1-3
09/06/2011 02:51:57 - 150000	P	935,1,0,0,0,0,0,new_1-3
09/06/2011 02:52:01 - 1113	M	909,-1,new_1-3
09/06/2011 02:52:01 - 1113	M	1602,-1,new_1-3
09/06/2011 02:52:02 - 150000	P	909,1,0,0,0,0,0,new_1-3
09/06/2011 02:52:03 - 150000	P	1602,1,0,0,0,0,0,new_1-3
09/06/2011 02:52:16 - 1063	M	507,-1,new_1-3
09/06/2011 02:52:16 - 1063	M	515,-1,new_1-3
09/06/2011 02:52:18 - 150000	P	507,1,0,0,0,0,0,new_1-3
09/06/2011 02:52:22 - 150000	P	515,1,0,0,0,0,0,new_1-3
09/06/2011 02:52:26 - 1113	M	909,-1,new_1-3
09/06/2011 02:52:27 - 150000	P	909,1,0,0,0,0,0,new_1-3
09/06/2011 02:52:31 - 1063	M	705,-1,new_1-3
09/06/2011 02:52:32 - 150000	P	705,1,0,0,0,0,0,new_1-3
09/06/2011 02:52:37 - 1063	M	705,-1,new_1-3
09/06/2011 02:52:38 - 150000	P	705,1,0,0,0,0,0,new_1-3
09/06/2011 02:52:43 - 1011	M	935,-1,new_1-3
09/06/2011 02:52:46 - 150000	P	935,1,0,0,0,0,0,new_1-3
09/06/2011 02:54:19 - 150000	N	501,4,new_1-4
09/06/2011 02:54:19 - 150000	N	503,2,new_1-4
09/06/2011 02:54:19 - 150000	N	506,2,new_1-4
09/06/2011 02:54:34 - 150000	N	7059,5,new_1-4
09/06/2011 02:54:34 - 150000	N	7060,5,new_1-4
09/06/2011 02:54:34 - 150000	N	2305,1,new_1-4
09/06/2011 02:56:36 - 150001	N	2352,1,new_1-2
09/06/2011 02:57:31 - 150001	N	569,1,new_1-2
09/06/2011 02:57:32 - 150001	N	2510,1,new_1-2
09/06/2011 02:57:32 - 150001	N	2414,1,new_1-2
09/06/2011 02:57:32 - 150001	N	5055,1,new_1-2
09/06/2011 02:57:35 - 150001	N	601,10,new_1-2
09/06/2011 02:57:35 - 150001	N	602,2,new_1-2
09/06/2011 02:57:35 - 150001	N	569,50,new_1-2
09/06/2011 02:58:21 - 150001	N	602,1,new_1-2
09/06/2011 02:58:21 - 150001	N	601,9,new_1-2
09/06/2011 02:58:21 - 150001	N	1243,1,new_1-2
09/06/2011 02:58:21 - 150001	N	2112,1,new_1-2
09/06/2011 02:58:21 - 150001	N	611,2,new_1-2
09/06/2011 02:58:21 - 150001	N	569,300,new_1-2
09/06/2011 02:58:36 - 1063	M	705,-1,new_1-3
09/06/2011 02:58:36 - 1063	M	512,-1,new_1-3
09/06/2011 02:58:43 - 150001	P	512,1,0,0,0,0,0,new_1-3
09/06/2011 02:58:43 - 150001	P	705,1,0,0,0,0,0,new_1-3
09/06/2011 02:59:01 - 1113	M	909,-1,new_1-3
09/06/2011 02:59:02 - 150001	P	909,1,0,0,0,0,0,new_1-3
09/06/2011 02:59:06 - 1002	M	909,-1,new_1-3
09/06/2011 02:59:13 - 150001	P	909,1,0,0,0,0,0,new_1-3
09/06/2011 02:59:16 - 1184	M	949,-1,new_1-3
09/06/2011 02:59:17 - 150001	P	949,1,0,0,0,0,0,new_1-3
09/06/2011 02:59:21 - 1002	M	909,-1,new_1-3
09/06/2011 02:59:21 - 1002	M	938,-1,new_1-3
09/06/2011 02:59:22 - 150001	P	909,1,0,0,0,0,0,new_1-3
09/06/2011 02:59:23 - 150001	P	938,1,0,0,0,0,0,new_1-3
09/06/2011 02:59:28 - 1063	M	705,-1,new_1-3
09/06/2011 02:59:28 - 1063	M	515,-1,new_1-3
09/06/2011 02:59:29 - 150001	P	515,1,0,0,0,0,0,new_1-3
09/06/2011 02:59:30 - 150001	P	705,1,0,0,0,0,0,new_1-3
09/06/2011 02:59:37 - 1011	M	935,-1,new_1-3
09/06/2011 02:59:37 - 150001	C	569,-1,0,0,0,0,0,new_1-3
09/06/2011 02:59:40 - 1002	L	935,1,0,0,0,0,0,new_1-3
09/06/2011 02:59:44 - 1002	M	909,-1,new_1-3
09/06/2011 02:59:44 - 1002	L	935,-1,0,0,0,0,0,new_1-3
09/06/2011 02:59:45 - 150001	P	909,1,0,0,0,0,0,new_1-3
09/06/2011 02:59:45 - 150001	P	935,1,0,0,0,0,0,new_1-3
09/06/2011 02:59:51 - 150001	C	569,-1,0,0,0,0,0,new_1-3
09/06/2011 02:59:59 - 1113	M	938,-1,new_1-3
09/06/2011 02:59:59 - 1113	M	713,-1,new_1-3
09/06/2011 03:00:01 - 150001	P	713,1,0,0,0,0,0,new_1-3
09/06/2011 03:00:01 - 150001	P	938,1,0,0,0,0,0,new_1-3
09/06/2011 03:00:08 - 1002	M	909,-1,new_1-3
09/06/2011 03:00:08 - 1002	M	713,-1,new_1-3
09/06/2011 03:00:13 - 1184	M	914,-1,new_1-3
09/06/2011 03:00:16 - 150001	P	909,1,0,0,0,0,0,new_1-3
09/06/2011 03:00:17 - 150001	P	914,1,0,0,0,0,0,new_1-3
09/06/2011 03:00:18 - 150001	P	713,1,0,0,0,0,0,new_1-3
09/06/2011 03:00:26 - 1113	M	909,-1,new_1-3
09/06/2011 03:00:28 - 150001	P	909,1,0,0,0,0,0,new_1-3
09/06/2011 03:00:31 - 150001	C	569,-1,0,0,0,0,0,new_1-3
09/06/2011 03:00:32 - 1002	M	512,-1,new_1-3
09/06/2011 03:00:33 - 150001	P	512,1,0,0,0,0,0,new_1-3
09/06/2011 03:00:38 - 1113	M	909,-1,new_1-3
09/06/2011 03:00:38 - 1113	M	512,-1,new_1-3
09/06/2011 03:00:38 - 1113	M	713,-1,new_1-3
09/06/2011 03:00:39 - 150001	P	909,1,0,0,0,0,0,new_1-3
09/06/2011 03:00:39 - 150001	P	713,1,0,0,0,0,0,new_1-3
09/06/2011 03:00:40 - 150001	P	512,1,0,0,0,0,0,new_1-3
09/06/2011 03:00:44 - 150001	C	569,-1,0,0,0,0,0,new_1-3
09/06/2011 03:00:46 - 1063	M	515,-1,new_1-3
09/06/2011 03:00:47 - 150001	P	515,1,0,0,0,0,0,new_1-3
09/06/2011 03:01:02 - 150001	C	569,-1,0,0,0,0,0,new_1-3
09/06/2011 03:01:04 - 1113	M	909,-1,new_1-3
09/06/2011 03:01:04 - 1113	M	512,-1,new_1-3
09/06/2011 03:01:05 - 150001	P	512,1,0,0,0,0,0,new_1-3
09/06/2011 03:01:05 - 150001	P	909,1,0,0,0,0,0,new_1-3
09/06/2011 03:01:22 - 150001	C	569,-1,0,0,0,0,0,new_1-3
09/06/2011 03:01:25 - 1113	M	909,-1,new_1-3
09/06/2011 03:01:25 - 1113	M	512,-1,new_1-3
09/06/2011 03:01:25 - 1002	L	909,1,0,0,0,0,0,new_1-3
09/06/2011 03:01:25 - 1002	L	512,1,0,0,0,0,0,new_1-3
09/06/2011 03:01:27 - 1002	M	909,-1,new_1-3
09/06/2011 03:01:27 - 1002	L	909,-1,0,0,0,0,0,new_1-3
09/06/2011 03:01:27 - 1002	L	512,-1,0,0,0,0,0,new_1-3
09/06/2011 03:01:28 - 1002	L	909,1,0,0,0,0,0,new_1-3
09/06/2011 03:01:31 - 1002	M	909,-1,new_1-3
09/06/2011 03:01:31 - 1002	L	909,-1,0,0,0,0,0,new_1-3
09/06/2011 03:01:38 - 1063	M	705,-1,new_1-3
09/06/2011 03:01:42 - 1063	M	705,-1,new_1-3
09/06/2011 03:01:42 - 1063	M	507,-1,new_1-3
09/06/2011 03:01:43 - 150001	P	705,1,0,0,0,0,0,new_1-3
09/06/2011 03:01:43 - 150001	P	705,1,0,0,0,0,0,new_1-3
09/06/2011 03:01:44 - 150001	P	507,1,0,0,0,0,0,new_1-3
09/06/2011 03:01:45 - 150001	P	909,1,0,0,0,0,0,new_1-3
09/06/2011 03:01:46 - 150001	P	512,1,0,0,0,0,0,new_1-3
09/06/2011 03:01:46 - 150001	P	909,1,0,0,0,0,0,new_1-3
09/06/2011 03:01:48 - 150001	P	909,1,0,0,0,0,0,new_1-3
09/06/2011 03:02:03 - 1113	M	909,-1,new_1-3
09/06/2011 03:02:03 - 1113	M	713,-1,new_1-3
09/06/2011 03:02:13 - 150001	P	909,1,0,0,0,0,0,new_1-3
09/06/2011 03:02:14 - 150001	P	713,1,0,0,0,0,0,new_1-3
09/06/2011 03:02:19 - 1113	M	909,-1,new_1-3
09/06/2011 03:02:19 - 1113	M	713,-1,new_1-3
09/06/2011 03:02:21 - 150001	P	909,1,0,0,0,0,0,new_1-3
09/06/2011 03:02:21 - 150001	P	713,1,0,0,0,0,0,new_1-3
09/06/2011 03:02:22 - 150001	C	569,-1,0,0,0,0,0,new_1-3
09/06/2011 03:02:22 - 150001	C	569,-1,0,0,0,0,0,new_1-3
09/06/2011 03:02:30 - 1063	M	705,-1,new_1-3
09/06/2011 03:02:30 - 1063	M	949,-1,new_1-3
09/06/2011 03:02:32 - 1184	M	511,-1,new_1-3
09/06/2011 03:02:33 - 150001	P	949,1,0,0,0,0,0,new_1-3
09/06/2011 03:02:33 - 150001	P	705,1,0,0,0,0,0,new_1-3
09/06/2011 03:02:33 - 1002	L	511,1,0,0,0,0,0,new_1-3
09/06/2011 03:02:38 - 1002	M	909,-1,new_1-3
09/06/2011 03:02:38 - 1002	L	511,-1,0,0,0,0,0,new_1-3
09/06/2011 03:02:39 - 150001	P	511,1,0,0,0,0,0,new_1-3
09/06/2011 03:02:39 - 150001	P	909,1,0,0,0,0,0,new_1-3
09/06/2011 03:02:44 - 1011	M	935,-1,new_1-3
09/06/2011 03:02:46 - 150001	P	935,1,0,0,0,0,0,new_1-3
09/06/2011 03:02:55 - 1063	M	705,-1,new_1-3
09/06/2011 03:02:55 - 1063	M	512,-1,new_1-3
09/06/2011 03:02:56 - 150001	P	705,1,0,0,0,0,0,new_1-3
09/06/2011 03:02:57 - 150001	P	512,1,0,0,0,0,0,new_1-3
09/06/2011 03:03:01 - 150001	C	569,-1,0,0,0,0,0,new_1-3
09/06/2011 03:03:07 - 1113	M	909,-1,new_1-3
09/06/2011 03:03:09 - 1002	L	909,1,0,0,0,0,0,new_1-3
09/06/2011 03:03:13 - 1113	M	909,-1,new_1-3
09/06/2011 03:03:13 - 1113	L	909,1,0,0,0,0,0,new_1-3
09/06/2011 03:03:19 - 1113	M	909,-1,new_1-3
09/06/2011 03:03:19 - 1113	L	909,-1,0,0,0,0,0,new_1-3
09/06/2011 03:03:20 - 150001	P	909,1,0,0,0,0,0,new_1-3
09/06/2011 03:03:20 - 150001	P	909,1,0,0,0,0,0,new_1-3
09/06/2011 03:03:28 - 1113	M	909,-1,new_1-3
09/06/2011 03:03:28 - 150001	C	569,-1,0,0,0,0,0,new_1-3
09/06/2011 03:03:29 - 1184	M	914,-1,new_1-3
09/06/2011 03:03:31 - 1002	L	909,1,0,0,0,0,0,new_1-3
09/06/2011 03:03:31 - 1002	L	914,1,0,0,0,0,0,new_1-3
09/06/2011 03:03:33 - 1002	L	909,-1,0,0,0,0,0,new_1-3
09/06/2011 03:03:33 - 1002	L	909,-1,0,0,0,0,0,new_1-3
09/06/2011 03:03:33 - 1002	L	914,-1,0,0,0,0,0,new_1-3
09/06/2011 03:03:33 - 150001	P	914,1,0,0,0,0,0,new_1-3
09/06/2011 03:03:34 - 1002	L	909,1,0,0,0,0,0,new_1-3
09/06/2011 03:03:34 - 150001	P	909,1,0,0,0,0,0,new_1-3
09/06/2011 03:03:36 - 1002	L	909,-1,0,0,0,0,0,new_1-3
09/06/2011 03:03:37 - 150001	P	909,1,0,0,0,0,0,new_1-3
09/06/2011 03:03:43 - 1113	M	909,-1,new_1-3
09/06/2011 03:03:43 - 150001	C	569,-1,0,0,0,0,0,new_1-3
09/06/2011 03:03:45 - 150001	P	909,1,0,0,0,0,0,new_1-3
09/06/2011 03:03:48 - 1002	M	909,-1,new_1-3
09/06/2011 03:03:49 - 1002	L	909,1,0,0,0,0,0,new_1-3
09/06/2011 03:03:53 - 1002	M	909,-1,new_1-3
09/06/2011 03:03:53 - 1002	M	713,-1,new_1-3
09/06/2011 03:03:53 - 1002	L	909,-1,0,0,0,0,0,new_1-3
09/06/2011 03:03:56 - 150001	P	713,1,0,0,0,0,0,new_1-3
09/06/2011 03:03:56 - 150001	P	909,1,0,0,0,0,0,new_1-3
09/06/2011 03:03:57 - 150001	P	909,1,0,0,0,0,0,new_1-3
09/06/2011 03:03:59 - 1113	M	909,-1,new_1-3
09/06/2011 03:04:00 - 1002	L	909,1,0,0,0,0,0,new_1-3
09/06/2011 03:04:03 - 1002	M	909,-1,new_1-3
09/06/2011 03:04:03 - 1002	L	909,-1,0,0,0,0,0,new_1-3
09/06/2011 03:04:04 - 150001	P	909,1,0,0,0,0,0,new_1-3
09/06/2011 03:04:05 - 150001	P	909,1,0,0,0,0,0,new_1-3
09/06/2011 03:04:08 - 1063	M	705,-1,new_1-3
09/06/2011 03:04:09 - 150001	P	705,1,0,0,0,0,0,new_1-3
09/06/2011 03:04:13 - 150001	C	569,-1,0,0,0,0,0,new_1-3
09/06/2011 03:04:14 - 1063	M	705,-1,new_1-3
09/06/2011 03:04:14 - 1063	M	512,-1,new_1-3
09/06/2011 03:04:14 - 1063	M	515,-1,new_1-3
09/06/2011 03:04:15 - 150001	P	705,1,0,0,0,0,0,new_1-3
09/06/2011 03:04:15 - 150001	P	512,1,0,0,0,0,0,new_1-3
09/06/2011 03:04:16 - 150001	P	515,1,0,0,0,0,0,new_1-3
09/06/2011 03:04:28 - 1063	M	705,-1,new_1-3
09/06/2011 03:04:28 - 1063	M	515,-1,new_1-3
09/06/2011 03:04:29 - 150001	P	515,1,0,0,0,0,0,new_1-3
09/06/2011 03:04:30 - 150001	P	705,1,0,0,0,0,0,new_1-3
09/06/2011 03:04:36 - 1011	M	935,-1,new_1-3
09/06/2011 03:04:36 - 1011	M	909,-1,new_1-3
09/06/2011 03:04:36 - 150001	C	569,-1,0,0,0,0,0,new_1-3
09/06/2011 03:04:38 - 150001	P	909,1,0,0,0,0,0,new_1-3
09/06/2011 03:04:38 - 150001	P	935,1,0,0,0,0,0,new_1-3
09/06/2011 03:04:44 - 1063	M	705,-1,new_1-3
09/06/2011 03:04:44 - 1063	M	949,-1,new_1-3
09/06/2011 03:04:46 - 150001	P	705,1,0,0,0,0,0,new_1-3
09/06/2011 03:04:47 - 150001	P	949,1,0,0,0,0,0,new_1-3
09/06/2011 03:04:56 - 1011	M	935,-1,new_1-3
09/06/2011 03:05:05 - 150001	P	935,1,0,0,0,0,0,new_1-3
09/06/2011 03:05:11 - 1063	M	705,-1,new_1-3
09/06/2011 03:05:12 - 150001	P	705,1,0,0,0,0,0,new_1-3
09/06/2011 03:05:15 - 1184	M	949,-1,new_1-3
09/06/2011 03:05:16 - 150001	P	949,1,0,0,0,0,0,new_1-3
09/06/2011 03:05:19 - 1063	M	705,-1,new_1-3
09/06/2011 03:05:20 - 150001	P	705,1,0,0,0,0,0,new_1-3
09/06/2011 03:05:25 - 1002	M	713,-1,new_1-3
09/06/2011 03:05:26 - 150001	P	713,1,0,0,0,0,0,new_1-3
09/06/2011 03:05:38 - 1113	M	909,-1,new_1-3
09/06/2011 03:05:38 - 1113	M	938,-1,new_1-3
09/06/2011 03:05:38 - 1113	M	512,-1,new_1-3
09/06/2011 03:05:41 - 1002	L	909,1,0,0,0,0,0,new_1-3
09/06/2011 03:05:42 - 1002	L	938,1,0,0,0,0,0,new_1-3
09/06/2011 03:05:42 - 1002	L	512,1,0,0,0,0,0,new_1-3
09/06/2011 03:05:44 - 1002	M	909,-1,new_1-3
09/06/2011 03:05:44 - 1002	L	909,-1,0,0,0,0,0,new_1-3
09/06/2011 03:05:44 - 1002	L	512,-1,0,0,0,0,0,new_1-3
09/06/2011 03:05:44 - 1002	L	909,1,0,0,0,0,0,new_1-3
09/06/2011 03:05:44 - 1002	L	909,1,0,0,0,0,0,new_1-3
09/06/2011 03:05:45 - 1002	L	512,1,0,0,0,0,0,new_1-3
09/06/2011 03:05:48 - 1063	M	705,-1,new_1-3
09/06/2011 03:05:50 - 1113	L	705,1,0,0,0,0,0,new_1-3
09/06/2011 03:05:52 - 1002	L	938,-1,0,0,0,0,0,new_1-3
09/06/2011 03:05:52 - 1002	L	909,-1,0,0,0,0,0,new_1-3
09/06/2011 03:05:52 - 1002	L	512,-1,0,0,0,0,0,new_1-3
09/06/2011 03:05:52 - 1113	L	512,1,0,0,0,0,0,new_1-3
09/06/2011 03:05:53 - 150001	C	569,-1,0,0,0,0,0,new_1-3
09/06/2011 03:05:53 - 1113	L	938,1,0,0,0,0,0,new_1-3
09/06/2011 03:05:53 - 1002	L	909,1,0,0,0,0,0,new_1-3
09/06/2011 03:05:56 - 1113	L	705,-1,0,0,0,0,0,new_1-3
09/06/2011 03:05:56 - 1113	L	512,-1,0,0,0,0,0,new_1-3
09/06/2011 03:05:56 - 1113	L	938,-1,0,0,0,0,0,new_1-3
09/06/2011 03:05:56 - 1002	L	705,1,0,0,0,0,0,new_1-3
09/06/2011 03:05:57 - 1002	L	512,1,0,0,0,0,0,new_1-3
09/06/2011 03:05:57 - 1002	L	938,1,0,0,0,0,0,new_1-3
09/06/2011 03:05:59 - 1002	M	909,-1,new_1-3
09/06/2011 03:05:59 - 1002	L	909,-1,0,0,0,0,0,new_1-3
09/06/2011 03:05:59 - 1002	L	909,-1,0,0,0,0,0,new_1-3
09/06/2011 03:05:59 - 1002	L	705,-1,0,0,0,0,0,new_1-3
09/06/2011 03:05:59 - 1002	L	512,-1,0,0,0,0,0,new_1-3
09/06/2011 03:05:59 - 1002	L	938,-1,0,0,0,0,0,new_1-3
09/06/2011 03:05:59 - 150001	C	569,-1,0,0,0,0,0,new_1-3
09/06/2011 03:06:00 - 150001	P	909,1,0,0,0,0,0,new_1-3
09/06/2011 03:06:01 - 150001	P	909,1,0,0,0,0,0,new_1-3
09/06/2011 03:06:01 - 150001	P	938,1,0,0,0,0,0,new_1-3
09/06/2011 03:06:01 - 150001	P	909,1,0,0,0,0,0,new_1-3
09/06/2011 03:06:02 - 150001	P	512,1,0,0,0,0,0,new_1-3
09/06/2011 03:06:02 - 150001	P	705,1,0,0,0,0,0,new_1-3
09/06/2011 03:06:06 - 150001	C	569,-1,0,0,0,0,0,new_1-3
09/06/2011 03:06:08 - 1113	M	909,-1,new_1-3
09/06/2011 03:06:08 - 150001	P	909,1,0,0,0,0,0,new_1-3
09/06/2011 03:06:15 - 1113	M	909,-1,new_1-3
09/06/2011 03:06:15 - 1113	M	713,-1,new_1-3
09/06/2011 03:06:15 - 150001	P	713,1,0,0,0,0,0,new_1-3
09/06/2011 03:06:16 - 150001	P	909,1,0,0,0,0,0,new_1-3
09/06/2011 03:06:29 - 1002	M	909,-1,new_1-3
09/06/2011 03:06:30 - 150001	P	909,1,0,0,0,0,0,new_1-3
09/06/2011 03:06:38 - 1011	M	909,-1,new_1-3
09/06/2011 03:06:39 - 150001	P	909,1,0,0,0,0,0,new_1-3
09/06/2011 03:06:42 - 1184	M	1501,-1,new_1-3
09/06/2011 03:06:43 - 150001	P	1501,1,0,0,0,0,0,new_1-3
09/06/2011 03:06:50 - 150001	C	569,-1,0,0,0,0,0,new_1-3
09/06/2011 03:06:50 - 1011	M	935,-1,new_1-3
09/06/2011 03:06:52 - 150001	P	935,1,0,0,0,0,0,new_1-3
09/06/2011 03:07:00 - 1113	M	512,-1,new_1-3
09/06/2011 03:07:04 - 150001	P	512,1,0,0,0,0,0,new_1-3
09/06/2011 03:07:11 - 1011	M	935,-1,new_1-3
09/06/2011 03:07:13 - 150001	P	935,1,0,0,0,0,0,new_1-3
09/06/2011 03:07:23 - 1011	M	935,-1,new_1-3
09/06/2011 03:07:24 - 150001	P	935,1,0,0,0,0,0,new_1-3
09/06/2011 03:07:32 - 150001	C	569,-1,0,0,0,0,0,new_1-3
09/06/2011 03:07:42 - 1002	M	909,-1,new_1-3
09/06/2011 03:07:43 - 150001	P	909,1,0,0,0,0,0,new_1-3
09/06/2011 03:07:51 - 1011	M	935,-1,new_1-3
09/06/2011 03:07:51 - 150001	C	569,-1,0,0,0,0,0,new_1-3
09/06/2011 03:07:52 - 150001	P	935,1,0,0,0,0,0,new_1-3
09/06/2011 03:08:16 - 150001	C	569,-1,0,0,0,0,0,new_1-3
09/06/2011 03:08:16 - 1011	M	935,-1,new_1-3
09/06/2011 03:08:18 - 150001	P	935,1,0,0,0,0,0,new_1-3
09/06/2011 03:08:26 - 150001	C	569,-1,0,0,0,0,0,new_1-3
09/06/2011 03:08:28 - 150001	C	569,-1,0,0,0,0,0,new_1-3
09/06/2011 03:08:29 - 1011	M	935,-1,new_1-3
09/06/2011 03:08:30 - 150001	P	935,1,0,0,0,0,0,new_1-3
09/06/2011 03:08:36 - 1002	M	909,-1,new_1-3
09/06/2011 03:08:36 - 1002	M	512,-1,new_1-3
09/06/2011 03:08:37 - 150001	P	909,1,0,0,0,0,0,new_1-3
09/06/2011 03:08:38 - 150001	P	512,1,0,0,0,0,0,new_1-3
09/06/2011 03:08:45 - 150001	C	569,-1,0,0,0,0,0,new_1-3
09/06/2011 03:08:48 - 1011	M	935,-1,new_1-3
09/06/2011 03:08:49 - 150001	P	935,1,0,0,0,0,0,new_1-3
09/06/2011 03:13:16 - 1011	M	935,-1,new_1-3
09/06/2011 03:13:17 - 150001	P	935,1,0,0,0,0,0,new_1-3
09/06/2011 03:13:29 - 1063	M	705,-1,new_1-3
09/06/2011 03:13:31 - 150001	P	705,1,0,0,0,0,0,new_1-3
09/06/2011 03:13:45 - 1063	M	705,-1,new_1-3
09/06/2011 03:13:46 - 150001	P	705,1,0,0,0,0,0,new_1-3
09/06/2011 03:13:55 - 1011	M	935,-1,new_1-3
09/06/2011 03:13:55 - 1011	M	909,-1,new_1-3
09/06/2011 03:14:01 - 150001	P	909,1,0,0,0,0,0,new_1-3
09/06/2011 03:14:57 - 150001	N	501,4,new_1-4
09/06/2011 03:14:57 - 150001	N	503,2,new_1-4
09/06/2011 03:14:57 - 150001	N	506,2,new_1-4
09/06/2011 03:15:00 - 150001	N	7059,5,new_1-4
09/06/2011 03:15:00 - 150001	N	7060,5,new_1-4
09/06/2011 03:15:00 - 150001	N	1104,1,new_1-4
09/06/2011 03:15:00 - 150001	N	1010,7,new_1-4
